\BOOKMARK [1][-]{section*.1}{Abstract}{}% 1
\BOOKMARK [1][-]{toc.1}{Table of Contents}{}% 2
\BOOKMARK [1][-]{section*.2}{List of Figures and Tables}{}% 3
\BOOKMARK [1][-]{section*.3}{List of Symbols}{}% 4
\BOOKMARK [1][-]{section*.4}{List of Abbreviations}{}% 5
\BOOKMARK [1][-]{section*.5}{Acknowledgments}{}% 6
\BOOKMARK [1][-]{section*.6}{Dedication}{}% 7
\BOOKMARK [1][-]{section*.7}{Outline}{}% 8
\BOOKMARK [1][-]{section*.8}{Scientific Approaches to Researching, Modeling, and Engineering Additively Manufactured Materials}{}% 9
\BOOKMARK [1][-]{section*.9}{In Situ High Energy X-ray Diffraction of Cold Metal Transfer Welded SS308L and Ti-6Al-4V}{}% 10
\BOOKMARK [2][-]{subsection.3.1}{Characterization Technique}{section*.9}% 11
\BOOKMARK [3][-]{subsubsection.3.1.1}{High Energy X-ray Diffraction}{subsection.3.1}% 12
\BOOKMARK [3][-]{subsubsection.3.1.2}{Scattering Through Amorphous Materials}{subsection.3.1}% 13
\BOOKMARK [3][-]{subsubsection.3.1.3}{Scattering Through a Rapidly Cooling Material}{subsection.3.1}% 14
\BOOKMARK [3][-]{subsubsection.3.1.4}{Diffraction Information Specific to + \040Ti alloys}{subsection.3.1}% 15
\BOOKMARK [3][-]{subsubsection.3.1.5}{The various sources of broadening and intensity drops}{subsection.3.1}% 16
\BOOKMARK [2][-]{subsection.3.2}{Material Properties of Ti-6Al-4V}{section*.9}% 17
\BOOKMARK [2][-]{subsection.3.3}{Calculation of Temperature}{section*.9}% 18
\BOOKMARK [2][-]{subsection.3.4}{Phase transformations during solidification/cooling of the material}{section*.9}% 19
\BOOKMARK [2][-]{subsection.3.5}{The martensitic phase transformation in Ti-6Al-4V}{section*.9}% 20
\BOOKMARK [2][-]{subsection.3.6}{Differences between point depositions and line welds}{section*.9}% 21
\BOOKMARK [2][-]{subsection.3.7}{CHESS samples}{section*.9}% 22
\BOOKMARK [1][-]{section*.10}{High Energy X-ray Diffraction Characterization of Additively Manufactured Ti-5553 Octet Truss Lattices}{}% 23
\BOOKMARK [1][-]{section*.11}{Analysis of Diffraction Results using numpy and matplotlib}{}% 24
